{"/Users/shaqdeff/to-do-list-jest-testing/src/add_remove.js": {"path":"/Users/shaqdeff/to-do-list-jest-testing/src/add_remove.js","statementMap":{"0":{"start":{"line":3,"column":16},"end":{"line":22,"column":1}},"1":{"start":{"line":4,"column":15},"end":{"line":4,"column":29}},"2":{"start":{"line":5,"column":16},"end":{"line":5,"column":31}},"3":{"start":{"line":6,"column":15},"end":{"line":10,"column":3}},"4":{"start":{"line":12,"column":2},"end":{"line":15,"column":3}},"5":{"start":{"line":13,"column":4},"end":{"line":13,"column":20}},"6":{"start":{"line":14,"column":4},"end":{"line":14,"column":55}},"7":{"start":{"line":16,"column":20},"end":{"line":16,"column":60}},"8":{"start":{"line":17,"column":2},"end":{"line":17,"column":32}},"9":{"start":{"line":18,"column":2},"end":{"line":18,"column":60}},"10":{"start":{"line":19,"column":2},"end":{"line":19,"column":20}},"11":{"start":{"line":20,"column":2},"end":{"line":20,"column":17}},"12":{"start":{"line":21,"column":2},"end":{"line":21,"column":21}},"13":{"start":{"line":24,"column":0},"end":{"line":24,"column":25}}},"fnMap":{"0":{"name":"(anonymous_0)","decl":{"start":{"line":3,"column":16},"end":{"line":3,"column":17}},"loc":{"start":{"line":3,"column":22},"end":{"line":22,"column":1}},"line":3}},"branchMap":{"0":{"loc":{"start":{"line":12,"column":2},"end":{"line":15,"column":3}},"type":"if","locations":[{"start":{"line":12,"column":2},"end":{"line":15,"column":3}},{"start":{},"end":{}}],"line":12}},"s":{"0":2,"1":2,"2":0,"3":0,"4":0,"5":0,"6":0,"7":0,"8":0,"9":0,"10":0,"11":0,"12":0,"13":2},"f":{"0":2},"b":{"0":[0,0]},"_coverageSchema":"1a1c01bbd47fc00a2c39e90264f33305004495a9","hash":"25b0fda9176235a8ea04b8412e1bd6034046595a"}
,"/Users/shaqdeff/to-do-list-jest-testing/src/modules/storage.js": {"path":"/Users/shaqdeff/to-do-list-jest-testing/src/modules/storage.js","statementMap":{"0":{"start":{"line":3,"column":4},"end":{"line":3,"column":35}},"1":{"start":{"line":6,"column":22},"end":{"line":10,"column":3}},"2":{"start":{"line":7,"column":23},"end":{"line":7,"column":58}},"3":{"start":{"line":8,"column":4},"end":{"line":8,"column":26}},"4":{"start":{"line":9,"column":4},"end":{"line":9,"column":16}},"5":{"start":{"line":12,"column":19},"end":{"line":20,"column":3}},"6":{"start":{"line":13,"column":19},"end":{"line":13,"column":21}},"7":{"start":{"line":14,"column":17},"end":{"line":14,"column":45}},"8":{"start":{"line":15,"column":4},"end":{"line":17,"column":5}},"9":{"start":{"line":16,"column":6},"end":{"line":16,"column":61}},"10":{"start":{"line":18,"column":4},"end":{"line":18,"column":56}},"11":{"start":{"line":19,"column":4},"end":{"line":19,"column":20}},"12":{"start":{"line":22,"column":20},"end":{"line":30,"column":3}},"13":{"start":{"line":23,"column":21},"end":{"line":23,"column":35}},"14":{"start":{"line":24,"column":16},"end":{"line":24,"column":17}},"15":{"start":{"line":25,"column":4},"end":{"line":27,"column":5}},"16":{"start":{"line":26,"column":6},"end":{"line":26,"column":23}},"17":{"start":{"line":28,"column":4},"end":{"line":28,"column":32}},"18":{"start":{"line":29,"column":4},"end":{"line":29,"column":17}},"19":{"start":{"line":32,"column":23},"end":{"line":39,"column":3}},"20":{"start":{"line":33,"column":21},"end":{"line":33,"column":35}},"21":{"start":{"line":34,"column":4},"end":{"line":37,"column":7}},"22":{"start":{"line":35,"column":19},"end":{"line":35,"column":60}},"23":{"start":{"line":35,"column":47},"end":{"line":35,"column":59}},"24":{"start":{"line":36,"column":6},"end":{"line":36,"column":28}},"25":{"start":{"line":38,"column":4},"end":{"line":38,"column":59}},"26":{"start":{"line":42,"column":21},"end":{"line":42,"column":35}},"27":{"start":{"line":43,"column":17},"end":{"line":43,"column":48}},"28":{"start":{"line":44,"column":14},"end":{"line":44,"column":16}},"29":{"start":{"line":45,"column":4},"end":{"line":55,"column":7}},"30":{"start":{"line":46,"column":6},"end":{"line":54,"column":17}},"31":{"start":{"line":56,"column":4},"end":{"line":56,"column":25}},"32":{"start":{"line":57,"column":4},"end":{"line":57,"column":40}},"33":{"start":{"line":58,"column":4},"end":{"line":58,"column":23}},"34":{"start":{"line":59,"column":4},"end":{"line":59,"column":23}},"35":{"start":{"line":62,"column":22},"end":{"line":69,"column":3}},"36":{"start":{"line":63,"column":21},"end":{"line":63,"column":35}},"37":{"start":{"line":64,"column":4},"end":{"line":64,"column":30}},"38":{"start":{"line":65,"column":4},"end":{"line":65,"column":59}},"39":{"start":{"line":66,"column":4},"end":{"line":66,"column":40}},"40":{"start":{"line":67,"column":4},"end":{"line":67,"column":19}},"41":{"start":{"line":68,"column":4},"end":{"line":68,"column":23}},"42":{"start":{"line":71,"column":22},"end":{"line":81,"column":3}},"43":{"start":{"line":72,"column":21},"end":{"line":72,"column":35}},"44":{"start":{"line":73,"column":4},"end":{"line":79,"column":7}},"45":{"start":{"line":74,"column":19},"end":{"line":74,"column":60}},"46":{"start":{"line":74,"column":47},"end":{"line":74,"column":59}},"47":{"start":{"line":75,"column":6},"end":{"line":77,"column":7}},"48":{"start":{"line":76,"column":8},"end":{"line":76,"column":33}},"49":{"start":{"line":78,"column":6},"end":{"line":78,"column":61}},"50":{"start":{"line":80,"column":4},"end":{"line":80,"column":23}},"51":{"start":{"line":83,"column":21},"end":{"line":88,"column":3}},"52":{"start":{"line":84,"column":21},"end":{"line":84,"column":35}},"53":{"start":{"line":85,"column":4},"end":{"line":85,"column":42}},"54":{"start":{"line":86,"column":4},"end":{"line":86,"column":59}},"55":{"start":{"line":87,"column":4},"end":{"line":87,"column":23}},"56":{"start":{"line":90,"column":26},"end":{"line":95,"column":3}},"57":{"start":{"line":91,"column":21},"end":{"line":91,"column":35}},"58":{"start":{"line":92,"column":24},"end":{"line":92,"column":75}},"59":{"start":{"line":92,"column":50},"end":{"line":92,"column":74}},"60":{"start":{"line":93,"column":4},"end":{"line":93,"column":62}},"61":{"start":{"line":94,"column":4},"end":{"line":94,"column":19}},"62":{"start":{"line":97,"column":23},"end":{"line":105,"column":3}},"63":{"start":{"line":98,"column":21},"end":{"line":98,"column":35}},"64":{"start":{"line":99,"column":4},"end":{"line":104,"column":7}},"65":{"start":{"line":100,"column":6},"end":{"line":103,"column":7}},"66":{"start":{"line":101,"column":8},"end":{"line":101,"column":67}},"67":{"start":{"line":102,"column":8},"end":{"line":102,"column":104}},"68":{"start":{"line":107,"column":17},"end":{"line":109,"column":3}},"69":{"start":{"line":108,"column":4},"end":{"line":108,"column":29}},"70":{"start":{"line":111,"column":40},"end":{"line":130,"column":3}},"71":{"start":{"line":112,"column":4},"end":{"line":117,"column":7}},"72":{"start":{"line":113,"column":6},"end":{"line":116,"column":9}},"73":{"start":{"line":114,"column":8},"end":{"line":114,"column":65}},"74":{"start":{"line":115,"column":8},"end":{"line":115,"column":50}},"75":{"start":{"line":118,"column":4},"end":{"line":123,"column":7}},"76":{"start":{"line":119,"column":6},"end":{"line":122,"column":9}},"77":{"start":{"line":120,"column":8},"end":{"line":120,"column":27}},"78":{"start":{"line":121,"column":8},"end":{"line":121,"column":47}},"79":{"start":{"line":124,"column":4},"end":{"line":129,"column":7}},"80":{"start":{"line":125,"column":6},"end":{"line":128,"column":9}},"81":{"start":{"line":126,"column":8},"end":{"line":126,"column":27}},"82":{"start":{"line":127,"column":8},"end":{"line":127,"column":31}}},"fnMap":{"0":{"name":"(anonymous_0)","decl":{"start":{"line":2,"column":2},"end":{"line":2,"column":3}},"loc":{"start":{"line":2,"column":27},"end":{"line":4,"column":3}},"line":2},"1":{"name":"(anonymous_1)","decl":{"start":{"line":6,"column":22},"end":{"line":6,"column":23}},"loc":{"start":{"line":6,"column":28},"end":{"line":10,"column":3}},"line":6},"2":{"name":"(anonymous_2)","decl":{"start":{"line":12,"column":19},"end":{"line":12,"column":20}},"loc":{"start":{"line":12,"column":25},"end":{"line":20,"column":3}},"line":12},"3":{"name":"(anonymous_3)","decl":{"start":{"line":22,"column":20},"end":{"line":22,"column":21}},"loc":{"start":{"line":22,"column":26},"end":{"line":30,"column":3}},"line":22},"4":{"name":"(anonymous_4)","decl":{"start":{"line":32,"column":23},"end":{"line":32,"column":24}},"loc":{"start":{"line":32,"column":29},"end":{"line":39,"column":3}},"line":32},"5":{"name":"(anonymous_5)","decl":{"start":{"line":34,"column":21},"end":{"line":34,"column":22}},"loc":{"start":{"line":34,"column":31},"end":{"line":37,"column":5}},"line":34},"6":{"name":"(anonymous_6)","decl":{"start":{"line":35,"column":38},"end":{"line":35,"column":39}},"loc":{"start":{"line":35,"column":47},"end":{"line":35,"column":59}},"line":35},"7":{"name":"(anonymous_7)","decl":{"start":{"line":41,"column":2},"end":{"line":41,"column":3}},"loc":{"start":{"line":41,"column":19},"end":{"line":60,"column":3}},"line":41},"8":{"name":"(anonymous_8)","decl":{"start":{"line":45,"column":21},"end":{"line":45,"column":22}},"loc":{"start":{"line":45,"column":31},"end":{"line":55,"column":5}},"line":45},"9":{"name":"(anonymous_9)","decl":{"start":{"line":62,"column":22},"end":{"line":62,"column":23}},"loc":{"start":{"line":62,"column":33},"end":{"line":69,"column":3}},"line":62},"10":{"name":"(anonymous_10)","decl":{"start":{"line":71,"column":22},"end":{"line":71,"column":23}},"loc":{"start":{"line":71,"column":40},"end":{"line":81,"column":3}},"line":71},"11":{"name":"(anonymous_11)","decl":{"start":{"line":73,"column":21},"end":{"line":73,"column":22}},"loc":{"start":{"line":73,"column":31},"end":{"line":79,"column":5}},"line":73},"12":{"name":"(anonymous_12)","decl":{"start":{"line":74,"column":38},"end":{"line":74,"column":39}},"loc":{"start":{"line":74,"column":47},"end":{"line":74,"column":59}},"line":74},"13":{"name":"(anonymous_13)","decl":{"start":{"line":83,"column":21},"end":{"line":83,"column":22}},"loc":{"start":{"line":83,"column":39},"end":{"line":88,"column":3}},"line":83},"14":{"name":"(anonymous_14)","decl":{"start":{"line":90,"column":26},"end":{"line":90,"column":27}},"loc":{"start":{"line":90,"column":32},"end":{"line":95,"column":3}},"line":90},"15":{"name":"(anonymous_15)","decl":{"start":{"line":92,"column":40},"end":{"line":92,"column":41}},"loc":{"start":{"line":92,"column":50},"end":{"line":92,"column":74}},"line":92},"16":{"name":"(anonymous_16)","decl":{"start":{"line":97,"column":23},"end":{"line":97,"column":24}},"loc":{"start":{"line":97,"column":29},"end":{"line":105,"column":3}},"line":97},"17":{"name":"(anonymous_17)","decl":{"start":{"line":99,"column":21},"end":{"line":99,"column":22}},"loc":{"start":{"line":99,"column":31},"end":{"line":104,"column":5}},"line":99},"18":{"name":"(anonymous_18)","decl":{"start":{"line":107,"column":17},"end":{"line":107,"column":18}},"loc":{"start":{"line":107,"column":23},"end":{"line":109,"column":3}},"line":107},"19":{"name":"(anonymous_19)","decl":{"start":{"line":111,"column":40},"end":{"line":111,"column":41}},"loc":{"start":{"line":111,"column":46},"end":{"line":130,"column":3}},"line":111},"20":{"name":"(anonymous_20)","decl":{"start":{"line":112,"column":51},"end":{"line":112,"column":52}},"loc":{"start":{"line":112,"column":61},"end":{"line":117,"column":5}},"line":112},"21":{"name":"(anonymous_21)","decl":{"start":{"line":113,"column":37},"end":{"line":113,"column":38}},"loc":{"start":{"line":113,"column":44},"end":{"line":116,"column":7}},"line":113},"22":{"name":"(anonymous_22)","decl":{"start":{"line":118,"column":51},"end":{"line":118,"column":52}},"loc":{"start":{"line":118,"column":68},"end":{"line":123,"column":5}},"line":118},"23":{"name":"(anonymous_23)","decl":{"start":{"line":119,"column":37},"end":{"line":119,"column":38}},"loc":{"start":{"line":119,"column":44},"end":{"line":122,"column":7}},"line":119},"24":{"name":"(anonymous_24)","decl":{"start":{"line":124,"column":49},"end":{"line":124,"column":50}},"loc":{"start":{"line":124,"column":66},"end":{"line":129,"column":5}},"line":124},"25":{"name":"(anonymous_25)","decl":{"start":{"line":125,"column":37},"end":{"line":125,"column":38}},"loc":{"start":{"line":125,"column":44},"end":{"line":128,"column":7}},"line":125}},"branchMap":{"0":{"loc":{"start":{"line":15,"column":4},"end":{"line":17,"column":5}},"type":"if","locations":[{"start":{"line":15,"column":4},"end":{"line":17,"column":5}},{"start":{},"end":{}}],"line":15},"1":{"loc":{"start":{"line":25,"column":4},"end":{"line":27,"column":5}},"type":"if","locations":[{"start":{"line":25,"column":4},"end":{"line":27,"column":5}},{"start":{},"end":{}}],"line":25},"2":{"loc":{"start":{"line":75,"column":6},"end":{"line":77,"column":7}},"type":"if","locations":[{"start":{"line":75,"column":6},"end":{"line":77,"column":7}},{"start":{},"end":{}}],"line":75},"3":{"loc":{"start":{"line":100,"column":6},"end":{"line":103,"column":7}},"type":"if","locations":[{"start":{"line":100,"column":6},"end":{"line":103,"column":7}},{"start":{},"end":{}}],"line":100}},"s":{"0":0,"1":2,"2":0,"3":0,"4":0,"5":2,"6":0,"7":0,"8":0,"9":0,"10":0,"11":0,"12":2,"13":0,"14":0,"15":0,"16":0,"17":0,"18":0,"19":2,"20":0,"21":0,"22":0,"23":0,"24":0,"25":0,"26":0,"27":0,"28":0,"29":0,"30":0,"31":0,"32":0,"33":0,"34":0,"35":2,"36":0,"37":0,"38":0,"39":0,"40":0,"41":0,"42":2,"43":0,"44":0,"45":0,"46":0,"47":0,"48":0,"49":0,"50":0,"51":2,"52":0,"53":0,"54":0,"55":0,"56":2,"57":0,"58":0,"59":0,"60":0,"61":0,"62":2,"63":0,"64":0,"65":0,"66":0,"67":0,"68":2,"69":0,"70":2,"71":0,"72":0,"73":0,"74":0,"75":0,"76":0,"77":0,"78":0,"79":0,"80":0,"81":0,"82":0},"f":{"0":0,"1":0,"2":0,"3":0,"4":0,"5":0,"6":0,"7":0,"8":0,"9":0,"10":0,"11":0,"12":0,"13":0,"14":0,"15":0,"16":0,"17":0,"18":0,"19":0,"20":0,"21":0,"22":0,"23":0,"24":0,"25":0},"b":{"0":[0,0],"1":[0,0],"2":[0,0],"3":[0,0]},"_coverageSchema":"1a1c01bbd47fc00a2c39e90264f33305004495a9","hash":"14ea73064bf0e5fbacb3b2bfd1cbf4476ef102a4"}
}
