{"/media/agasha/NITTAH/GitHub/microverse/to-do-list-jest-testing/src/modules/storage.js": {"path":"/media/agasha/NITTAH/GitHub/microverse/to-do-list-jest-testing/src/modules/storage.js","statementMap":{"0":{"start":{"line":3,"column":4},"end":{"line":3,"column":35}},"1":{"start":{"line":6,"column":22},"end":{"line":10,"column":3}},"2":{"start":{"line":7,"column":23},"end":{"line":7,"column":58}},"3":{"start":{"line":8,"column":4},"end":{"line":8,"column":26}},"4":{"start":{"line":9,"column":4},"end":{"line":9,"column":16}},"5":{"start":{"line":12,"column":19},"end":{"line":20,"column":3}},"6":{"start":{"line":13,"column":19},"end":{"line":13,"column":21}},"7":{"start":{"line":14,"column":17},"end":{"line":14,"column":45}},"8":{"start":{"line":15,"column":4},"end":{"line":17,"column":5}},"9":{"start":{"line":16,"column":6},"end":{"line":16,"column":61}},"10":{"start":{"line":18,"column":4},"end":{"line":18,"column":56}},"11":{"start":{"line":19,"column":4},"end":{"line":19,"column":20}},"12":{"start":{"line":22,"column":20},"end":{"line":30,"column":3}},"13":{"start":{"line":23,"column":21},"end":{"line":23,"column":35}},"14":{"start":{"line":24,"column":16},"end":{"line":24,"column":17}},"15":{"start":{"line":25,"column":4},"end":{"line":27,"column":5}},"16":{"start":{"line":26,"column":6},"end":{"line":26,"column":23}},"17":{"start":{"line":28,"column":4},"end":{"line":28,"column":32}},"18":{"start":{"line":29,"column":4},"end":{"line":29,"column":17}},"19":{"start":{"line":31,"column":12},"end":{"line":51,"column":3}},"20":{"start":{"line":32,"column":17},"end":{"line":32,"column":27}},"21":{"start":{"line":33,"column":17},"end":{"line":33,"column":31}},"22":{"start":{"line":34,"column":18},"end":{"line":34,"column":33}},"23":{"start":{"line":35,"column":17},"end":{"line":39,"column":5}},"24":{"start":{"line":41,"column":4},"end":{"line":44,"column":5}},"25":{"start":{"line":42,"column":6},"end":{"line":42,"column":22}},"26":{"start":{"line":43,"column":6},"end":{"line":43,"column":57}},"27":{"start":{"line":45,"column":22},"end":{"line":45,"column":62}},"28":{"start":{"line":46,"column":4},"end":{"line":46,"column":34}},"29":{"start":{"line":47,"column":4},"end":{"line":47,"column":62}},"30":{"start":{"line":49,"column":4},"end":{"line":49,"column":19}},"31":{"start":{"line":50,"column":4},"end":{"line":50,"column":23}},"32":{"start":{"line":52,"column":23},"end":{"line":59,"column":3}},"33":{"start":{"line":53,"column":21},"end":{"line":53,"column":35}},"34":{"start":{"line":54,"column":4},"end":{"line":57,"column":7}},"35":{"start":{"line":55,"column":19},"end":{"line":55,"column":60}},"36":{"start":{"line":55,"column":47},"end":{"line":55,"column":59}},"37":{"start":{"line":56,"column":6},"end":{"line":56,"column":28}},"38":{"start":{"line":58,"column":4},"end":{"line":58,"column":59}},"39":{"start":{"line":62,"column":21},"end":{"line":62,"column":35}},"40":{"start":{"line":63,"column":17},"end":{"line":63,"column":48}},"41":{"start":{"line":64,"column":14},"end":{"line":64,"column":16}},"42":{"start":{"line":65,"column":4},"end":{"line":75,"column":7}},"43":{"start":{"line":66,"column":6},"end":{"line":74,"column":17}},"44":{"start":{"line":76,"column":4},"end":{"line":76,"column":25}},"45":{"start":{"line":77,"column":4},"end":{"line":77,"column":40}},"46":{"start":{"line":78,"column":4},"end":{"line":78,"column":23}},"47":{"start":{"line":79,"column":4},"end":{"line":79,"column":23}},"48":{"start":{"line":82,"column":22},"end":{"line":89,"column":3}},"49":{"start":{"line":83,"column":21},"end":{"line":83,"column":35}},"50":{"start":{"line":84,"column":4},"end":{"line":84,"column":30}},"51":{"start":{"line":85,"column":4},"end":{"line":85,"column":59}},"52":{"start":{"line":86,"column":4},"end":{"line":86,"column":40}},"53":{"start":{"line":87,"column":4},"end":{"line":87,"column":19}},"54":{"start":{"line":88,"column":4},"end":{"line":88,"column":23}},"55":{"start":{"line":91,"column":22},"end":{"line":101,"column":3}},"56":{"start":{"line":92,"column":21},"end":{"line":92,"column":35}},"57":{"start":{"line":93,"column":4},"end":{"line":99,"column":7}},"58":{"start":{"line":94,"column":19},"end":{"line":94,"column":60}},"59":{"start":{"line":94,"column":47},"end":{"line":94,"column":59}},"60":{"start":{"line":95,"column":6},"end":{"line":97,"column":7}},"61":{"start":{"line":96,"column":8},"end":{"line":96,"column":33}},"62":{"start":{"line":98,"column":6},"end":{"line":98,"column":61}},"63":{"start":{"line":100,"column":4},"end":{"line":100,"column":23}},"64":{"start":{"line":103,"column":21},"end":{"line":108,"column":3}},"65":{"start":{"line":104,"column":21},"end":{"line":104,"column":35}},"66":{"start":{"line":105,"column":4},"end":{"line":105,"column":42}},"67":{"start":{"line":106,"column":4},"end":{"line":106,"column":59}},"68":{"start":{"line":107,"column":4},"end":{"line":107,"column":23}},"69":{"start":{"line":110,"column":26},"end":{"line":115,"column":3}},"70":{"start":{"line":111,"column":21},"end":{"line":111,"column":35}},"71":{"start":{"line":112,"column":24},"end":{"line":112,"column":75}},"72":{"start":{"line":112,"column":50},"end":{"line":112,"column":74}},"73":{"start":{"line":113,"column":4},"end":{"line":113,"column":62}},"74":{"start":{"line":114,"column":4},"end":{"line":114,"column":19}},"75":{"start":{"line":117,"column":23},"end":{"line":125,"column":3}},"76":{"start":{"line":118,"column":21},"end":{"line":118,"column":35}},"77":{"start":{"line":119,"column":4},"end":{"line":124,"column":7}},"78":{"start":{"line":120,"column":6},"end":{"line":123,"column":7}},"79":{"start":{"line":121,"column":8},"end":{"line":121,"column":67}},"80":{"start":{"line":122,"column":8},"end":{"line":122,"column":104}},"81":{"start":{"line":127,"column":17},"end":{"line":129,"column":3}},"82":{"start":{"line":128,"column":4},"end":{"line":128,"column":29}},"83":{"start":{"line":131,"column":40},"end":{"line":150,"column":3}},"84":{"start":{"line":132,"column":4},"end":{"line":137,"column":7}},"85":{"start":{"line":133,"column":6},"end":{"line":136,"column":9}},"86":{"start":{"line":134,"column":8},"end":{"line":134,"column":65}},"87":{"start":{"line":135,"column":8},"end":{"line":135,"column":50}},"88":{"start":{"line":138,"column":4},"end":{"line":143,"column":7}},"89":{"start":{"line":139,"column":6},"end":{"line":142,"column":9}},"90":{"start":{"line":140,"column":8},"end":{"line":140,"column":27}},"91":{"start":{"line":141,"column":8},"end":{"line":141,"column":47}},"92":{"start":{"line":144,"column":4},"end":{"line":149,"column":7}},"93":{"start":{"line":145,"column":6},"end":{"line":148,"column":9}},"94":{"start":{"line":146,"column":8},"end":{"line":146,"column":27}},"95":{"start":{"line":147,"column":8},"end":{"line":147,"column":31}},"96":{"start":{"line":152,"column":0},"end":{"line":152,"column":22}}},"fnMap":{"0":{"name":"(anonymous_0)","decl":{"start":{"line":2,"column":2},"end":{"line":2,"column":3}},"loc":{"start":{"line":2,"column":27},"end":{"line":4,"column":3}},"line":2},"1":{"name":"(anonymous_1)","decl":{"start":{"line":6,"column":22},"end":{"line":6,"column":23}},"loc":{"start":{"line":6,"column":28},"end":{"line":10,"column":3}},"line":6},"2":{"name":"(anonymous_2)","decl":{"start":{"line":12,"column":19},"end":{"line":12,"column":20}},"loc":{"start":{"line":12,"column":25},"end":{"line":20,"column":3}},"line":12},"3":{"name":"(anonymous_3)","decl":{"start":{"line":22,"column":20},"end":{"line":22,"column":21}},"loc":{"start":{"line":22,"column":26},"end":{"line":30,"column":3}},"line":22},"4":{"name":"(anonymous_4)","decl":{"start":{"line":31,"column":12},"end":{"line":31,"column":13}},"loc":{"start":{"line":31,"column":18},"end":{"line":51,"column":3}},"line":31},"5":{"name":"(anonymous_5)","decl":{"start":{"line":52,"column":23},"end":{"line":52,"column":24}},"loc":{"start":{"line":52,"column":29},"end":{"line":59,"column":3}},"line":52},"6":{"name":"(anonymous_6)","decl":{"start":{"line":54,"column":21},"end":{"line":54,"column":22}},"loc":{"start":{"line":54,"column":31},"end":{"line":57,"column":5}},"line":54},"7":{"name":"(anonymous_7)","decl":{"start":{"line":55,"column":38},"end":{"line":55,"column":39}},"loc":{"start":{"line":55,"column":47},"end":{"line":55,"column":59}},"line":55},"8":{"name":"(anonymous_8)","decl":{"start":{"line":61,"column":2},"end":{"line":61,"column":3}},"loc":{"start":{"line":61,"column":19},"end":{"line":80,"column":3}},"line":61},"9":{"name":"(anonymous_9)","decl":{"start":{"line":65,"column":21},"end":{"line":65,"column":22}},"loc":{"start":{"line":65,"column":31},"end":{"line":75,"column":5}},"line":65},"10":{"name":"(anonymous_10)","decl":{"start":{"line":82,"column":22},"end":{"line":82,"column":23}},"loc":{"start":{"line":82,"column":33},"end":{"line":89,"column":3}},"line":82},"11":{"name":"(anonymous_11)","decl":{"start":{"line":91,"column":22},"end":{"line":91,"column":23}},"loc":{"start":{"line":91,"column":40},"end":{"line":101,"column":3}},"line":91},"12":{"name":"(anonymous_12)","decl":{"start":{"line":93,"column":21},"end":{"line":93,"column":22}},"loc":{"start":{"line":93,"column":31},"end":{"line":99,"column":5}},"line":93},"13":{"name":"(anonymous_13)","decl":{"start":{"line":94,"column":38},"end":{"line":94,"column":39}},"loc":{"start":{"line":94,"column":47},"end":{"line":94,"column":59}},"line":94},"14":{"name":"(anonymous_14)","decl":{"start":{"line":103,"column":21},"end":{"line":103,"column":22}},"loc":{"start":{"line":103,"column":39},"end":{"line":108,"column":3}},"line":103},"15":{"name":"(anonymous_15)","decl":{"start":{"line":110,"column":26},"end":{"line":110,"column":27}},"loc":{"start":{"line":110,"column":32},"end":{"line":115,"column":3}},"line":110},"16":{"name":"(anonymous_16)","decl":{"start":{"line":112,"column":40},"end":{"line":112,"column":41}},"loc":{"start":{"line":112,"column":50},"end":{"line":112,"column":74}},"line":112},"17":{"name":"(anonymous_17)","decl":{"start":{"line":117,"column":23},"end":{"line":117,"column":24}},"loc":{"start":{"line":117,"column":29},"end":{"line":125,"column":3}},"line":117},"18":{"name":"(anonymous_18)","decl":{"start":{"line":119,"column":21},"end":{"line":119,"column":22}},"loc":{"start":{"line":119,"column":31},"end":{"line":124,"column":5}},"line":119},"19":{"name":"(anonymous_19)","decl":{"start":{"line":127,"column":17},"end":{"line":127,"column":18}},"loc":{"start":{"line":127,"column":23},"end":{"line":129,"column":3}},"line":127},"20":{"name":"(anonymous_20)","decl":{"start":{"line":131,"column":40},"end":{"line":131,"column":41}},"loc":{"start":{"line":131,"column":46},"end":{"line":150,"column":3}},"line":131},"21":{"name":"(anonymous_21)","decl":{"start":{"line":132,"column":51},"end":{"line":132,"column":52}},"loc":{"start":{"line":132,"column":61},"end":{"line":137,"column":5}},"line":132},"22":{"name":"(anonymous_22)","decl":{"start":{"line":133,"column":37},"end":{"line":133,"column":38}},"loc":{"start":{"line":133,"column":44},"end":{"line":136,"column":7}},"line":133},"23":{"name":"(anonymous_23)","decl":{"start":{"line":138,"column":51},"end":{"line":138,"column":52}},"loc":{"start":{"line":138,"column":68},"end":{"line":143,"column":5}},"line":138},"24":{"name":"(anonymous_24)","decl":{"start":{"line":139,"column":37},"end":{"line":139,"column":38}},"loc":{"start":{"line":139,"column":44},"end":{"line":142,"column":7}},"line":139},"25":{"name":"(anonymous_25)","decl":{"start":{"line":144,"column":49},"end":{"line":144,"column":50}},"loc":{"start":{"line":144,"column":66},"end":{"line":149,"column":5}},"line":144},"26":{"name":"(anonymous_26)","decl":{"start":{"line":145,"column":37},"end":{"line":145,"column":38}},"loc":{"start":{"line":145,"column":44},"end":{"line":148,"column":7}},"line":145}},"branchMap":{"0":{"loc":{"start":{"line":15,"column":4},"end":{"line":17,"column":5}},"type":"if","locations":[{"start":{"line":15,"column":4},"end":{"line":17,"column":5}},{"start":{},"end":{}}],"line":15},"1":{"loc":{"start":{"line":25,"column":4},"end":{"line":27,"column":5}},"type":"if","locations":[{"start":{"line":25,"column":4},"end":{"line":27,"column":5}},{"start":{},"end":{}}],"line":25},"2":{"loc":{"start":{"line":41,"column":4},"end":{"line":44,"column":5}},"type":"if","locations":[{"start":{"line":41,"column":4},"end":{"line":44,"column":5}},{"start":{},"end":{}}],"line":41},"3":{"loc":{"start":{"line":95,"column":6},"end":{"line":97,"column":7}},"type":"if","locations":[{"start":{"line":95,"column":6},"end":{"line":97,"column":7}},{"start":{},"end":{}}],"line":95},"4":{"loc":{"start":{"line":120,"column":6},"end":{"line":123,"column":7}},"type":"if","locations":[{"start":{"line":120,"column":6},"end":{"line":123,"column":7}},{"start":{},"end":{}}],"line":120}},"s":{"0":2,"1":1,"2":0,"3":0,"4":0,"5":1,"6":11,"7":11,"8":11,"9":1,"10":11,"11":11,"12":1,"13":1,"14":1,"15":1,"16":0,"17":1,"18":1,"19":2,"20":1,"21":1,"22":1,"23":1,"24":1,"25":0,"26":0,"27":1,"28":1,"29":1,"30":1,"31":1,"32":1,"33":4,"34":4,"35":2,"36":2,"37":2,"38":4,"39":2,"40":2,"41":2,"42":2,"43":1,"44":2,"45":2,"46":2,"47":2,"48":1,"49":1,"50":1,"51":1,"52":1,"53":1,"54":1,"55":1,"56":0,"57":0,"58":0,"59":0,"60":0,"61":0,"62":0,"63":0,"64":1,"65":0,"66":0,"67":0,"68":0,"69":1,"70":0,"71":0,"72":0,"73":0,"74":0,"75":1,"76":2,"77":2,"78":1,"79":0,"80":0,"81":1,"82":0,"83":1,"84":3,"85":2,"86":0,"87":0,"88":3,"89":2,"90":0,"91":0,"92":3,"93":2,"94":0,"95":0,"96":1},"f":{"0":2,"1":0,"2":11,"3":1,"4":1,"5":4,"6":2,"7":2,"8":2,"9":1,"10":1,"11":0,"12":0,"13":0,"14":0,"15":0,"16":0,"17":2,"18":1,"19":0,"20":3,"21":2,"22":0,"23":2,"24":0,"25":2,"26":0},"b":{"0":[1,10],"1":[0,1],"2":[0,1],"3":[0,0],"4":[0,1]},"_coverageSchema":"1a1c01bbd47fc00a2c39e90264f33305004495a9","hash":"45b0c26eae523c3eba2ed13de0f1eb7d760448cf"}
}
