TN:
SF:src/modules/storage.js
FN:2,(anonymous_0)
FN:6,(anonymous_1)
FN:12,(anonymous_2)
FN:22,(anonymous_3)
FN:31,(anonymous_4)
FN:52,(anonymous_5)
FN:54,(anonymous_6)
FN:55,(anonymous_7)
FN:61,(anonymous_8)
FN:65,(anonymous_9)
FN:82,(anonymous_10)
FN:91,(anonymous_11)
FN:93,(anonymous_12)
FN:94,(anonymous_13)
FN:103,(anonymous_14)
FN:110,(anonymous_15)
FN:112,(anonymous_16)
FN:117,(anonymous_17)
FN:119,(anonymous_18)
FN:127,(anonymous_19)
FN:131,(anonymous_20)
FN:132,(anonymous_21)
FN:133,(anonymous_22)
FN:138,(anonymous_23)
FN:139,(anonymous_24)
FN:144,(anonymous_25)
FN:145,(anonymous_26)
FNF:27
FNH:16
FNDA:2,(anonymous_0)
FNDA:0,(anonymous_1)
FNDA:11,(anonymous_2)
FNDA:1,(anonymous_3)
FNDA:1,(anonymous_4)
FNDA:4,(anonymous_5)
FNDA:2,(anonymous_6)
FNDA:2,(anonymous_7)
FNDA:2,(anonymous_8)
FNDA:1,(anonymous_9)
FNDA:1,(anonymous_10)
FNDA:0,(anonymous_11)
FNDA:0,(anonymous_12)
FNDA:0,(anonymous_13)
FNDA:0,(anonymous_14)
FNDA:0,(anonymous_15)
FNDA:0,(anonymous_16)
FNDA:2,(anonymous_17)
FNDA:1,(anonymous_18)
FNDA:0,(anonymous_19)
FNDA:3,(anonymous_20)
FNDA:2,(anonymous_21)
FNDA:0,(anonymous_22)
FNDA:2,(anonymous_23)
FNDA:0,(anonymous_24)
FNDA:2,(anonymous_25)
FNDA:0,(anonymous_26)
DA:3,2
DA:6,1
DA:7,0
DA:8,0
DA:9,0
DA:12,1
DA:13,11
DA:14,11
DA:15,11
DA:16,1
DA:18,11
DA:19,11
DA:22,1
DA:23,1
DA:24,1
DA:25,1
DA:26,0
DA:28,1
DA:29,1
DA:31,2
DA:32,1
DA:33,1
DA:34,1
DA:35,1
DA:41,1
DA:42,0
DA:43,0
DA:45,1
DA:46,1
DA:47,1
DA:49,1
DA:50,1
DA:52,1
DA:53,4
DA:54,4
DA:55,2
DA:56,2
DA:58,4
DA:62,2
DA:63,2
DA:64,2
DA:65,2
DA:66,1
DA:76,2
DA:77,2
DA:78,2
DA:79,2
DA:82,1
DA:83,1
DA:84,1
DA:85,1
DA:86,1
DA:87,1
DA:88,1
DA:91,1
DA:92,0
DA:93,0
DA:94,0
DA:95,0
DA:96,0
DA:98,0
DA:100,0
DA:103,1
DA:104,0
DA:105,0
DA:106,0
DA:107,0
DA:110,1
DA:111,0
DA:112,0
DA:113,0
DA:114,0
DA:117,1
DA:118,2
DA:119,2
DA:120,1
DA:121,0
DA:122,0
DA:127,1
DA:128,0
DA:131,1
DA:132,3
DA:133,2
DA:134,0
DA:135,0
DA:138,3
DA:139,2
DA:140,0
DA:141,0
DA:144,3
DA:145,2
DA:146,0
DA:147,0
DA:152,1
LF:94
LH:64
BRDA:15,0,0,1
BRDA:15,0,1,10
BRDA:25,1,0,0
BRDA:25,1,1,1
BRDA:41,2,0,0
BRDA:41,2,1,1
BRDA:95,3,0,0
BRDA:95,3,1,0
BRDA:120,4,0,0
BRDA:120,4,1,1
BRF:10
BRH:5
end_of_record
